 
****************************************
Report : power
        -analysis_effort low
Design : aes_cipher_top
Version: J-2014.09-SP2
Date   : Wed May 20 13:59:05 2020
****************************************


Library(s) Used:

    CORE65LPSVT (File: /space/s276253/synthesis/lab03/WORK_SYNTHESIS/tech/STcmos65/CORE65LPSVT_nom_1.20V_25C.db)


Operating Conditions: nom_1.20V_25C   Library: CORE65LPSVT
Wire Load Model Mode: enclosed

Design        Wire Load Model            Library
------------------------------------------------
aes_cipher_top         area_12Kto18K     CORE65LPSVT


Global Operating Voltage = 1.2  
Power-specific unit information :
    Voltage Units = 1V
    Capacitance Units = 1.000000pf
    Time Units = 1ns
    Dynamic Power Units = 1mW    (derived from V,C,T units)
    Leakage Power Units = 1mW


  Cell Internal Power  = 546.933838 uW   (55%)
  Net Switching Power  = 450.120026 uW   (45%)
                         ---------
Total Dynamic Power    = 997.053955 uW  (100%)

Cell Leakage Power     =   1.4968 uW


                 Internal         Switching           Leakage            Total
Power Group      Power            Power               Power              Power   (   %    )  Attrs
--------------------------------------------------------------------------------------------------
io_pad           0.000000          0.000000          0.000000          0.000000  (   0.00%)
memory           0.000000          0.000000          0.000000          0.000000  (   0.00%)
black_box        0.000000          0.000000          0.000000          0.000000  (   0.00%)
clock_network    0.000000          0.000000          0.000000          0.000000  (   0.00%)
register         0.413247          0.154032        3.594923e-04          0.567639
                                                                                 (  56.85%)
sequential       0.000000          0.000000          0.000000          0.000000  (   0.00%)
combinational    0.133687          0.296088        1.137319e-03          0.430911
                                                                                 (  43.15%)
--------------------------------------------------------------------------------------------------
Total            0.546934 mW       0.450121 mW     1.496811e-03 mW       0.998550 mW
1
